# JRE version: Java(TM) SE Runtime Environment (8.0_201-b09) (build 1.8.0_201-b09)
# Java VM: Java HotSpot(TM) 64-Bit Server VM (25.201-b09 mixed mode windows-amd64 compressed oops)
Heap:
 PSYoungGen      total 951296K, used 940960K [0x000000076b300000, 0x00000007c0000000, 0x00000007c0000000)
  eden space 611328K, 100% used [0x000000076b300000,0x0000000790800000,0x0000000790800000)
  from space 339968K, 96% used [0x00000007ab400000,0x00000007bf5e8000,0x00000007c0000000)
  to   space 389120K, 23% used [0x0000000790800000,0x0000000796208000,0x00000007a8400000)
 ParOldGen       total 2274816K, used 2116535K [0x00000006c1800000, 0x000000074c580000, 0x000000076b300000)
  object space 2274816K, 93% used [0x00000006c1800000,0x0000000742aede30,0x000000074c580000)
 Metaspace       used 3934K, capacity 4794K, committed 4864K, reserved 1056768K
  class space    used 449K, capacity 510K, committed 512K, reserved 1048576K
GC Heap History (10 events):
Event: 114.968 GC heap after
Heap after GC invocations=65 (full 8):
 PSYoungGen      total 1085440K, used 142784K [0x000000076b300000, 0x00000007c0000000, 0x00000007c0000000)
  eden space 789504K, 0% used [0x000000076b300000,0x000000076b300000,0x000000079b600000)
  from space 295936K, 48% used [0x00000007acb00000,0x00000007b5670000,0x00000007bec00000)
  to   space 283648K, 0% used [0x000000079b600000,0x000000079b600000,0x00000007acb00000)
 ParOldGen       total 2274816K, used 2099759K [0x00000006c1800000, 0x000000074c580000, 0x000000076b300000)
  object space 2274816K, 92% used [0x00000006c1800000,0x0000000741a8be30,0x000000074c580000)
 Metaspace       used 3934K, capacity 4794K, committed 4864K, reserved 1056768K
  class space    used 449K, capacity 510K, committed 512K, reserved 1048576K
}
Event: 115.544 GC heap before
{Heap before GC invocations=66 (full 8):
 PSYoungGen      total 1085440K, used 932288K [0x000000076b300000, 0x00000007c0000000, 0x00000007c0000000)
  eden space 789504K, 100% used [0x000000076b300000,0x000000079b600000,0x000000079b600000)
  from space 295936K, 48% used [0x00000007acb00000,0x00000007b5670000,0x00000007bec00000)
  to   space 283648K, 0% used [0x000000079b600000,0x000000079b600000,0x00000007acb00000)
 ParOldGen       total 2274816K, used 2099759K [0x00000006c1800000, 0x000000074c580000, 0x000000076b300000)
  object space 2274816K, 92% used [0x00000006c1800000,0x0000000741a8be30,0x000000074c580000)
 Metaspace       used 3934K, capacity 4794K, committed 4864K, reserved 1056768K
  class space    used 449K, capacity 510K, committed 512K, reserved 1048576K
Event: 116.425 GC heap after
Heap after GC invocations=66 (full 8):
 PSYoungGen      total 1073152K, used 190208K [0x000000076b300000, 0x00000007c0000000, 0x00000007c0000000)
  eden space 789504K, 0% used [0x000000076b300000,0x000000076b300000,0x000000079b600000)
  from space 283648K, 67% used [0x000000079b600000,0x00000007a6fc0000,0x00000007acb00000)
  to   space 289792K, 0% used [0x00000007ae500000,0x00000007ae500000,0x00000007c0000000)
 ParOldGen       total 2274816K, used 2099759K [0x00000006c1800000, 0x000000074c580000, 0x000000076b300000)
  object space 2274816K, 92% used [0x00000006c1800000,0x0000000741a8be30,0x000000074c580000)
 Metaspace       used 3934K, capacity 4794K, committed 4864K, reserved 1056768K
  class space    used 449K, capacity 510K, committed 512K, reserved 1048576K
}
Event: 117.216 GC heap before
{Heap before GC invocations=67 (full 8):
 PSYoungGen      total 1073152K, used 979712K [0x000000076b300000, 0x00000007c0000000, 0x00000007c0000000)
  eden space 789504K, 100% used [0x000000076b300000,0x000000079b600000,0x000000079b600000)
  from space 283648K, 67% used [0x000000079b600000,0x00000007a6fc0000,0x00000007acb00000)
  to   space 289792K, 0% used [0x00000007ae500000,0x00000007ae500000,0x00000007c0000000)
 ParOldGen       total 2274816K, used 2099759K [0x00000006c1800000, 0x000000074c580000, 0x000000076b300000)
  object space 2274816K, 92% used [0x00000006c1800000,0x0000000741a8be30,0x000000074c580000)
 Metaspace       used 3934K, capacity 4794K, committed 4864K, reserved 1056768K
  class space    used 449K, capacity 510K, committed 512K, reserved 1048576K
Event: 118.380 GC heap after
Heap after GC invocations=67 (full 8):
 PSYoungGen      total 1055744K, used 237600K [0x000000076b300000, 0x00000007c0000000, 0x00000007c0000000)
  eden space 765952K, 0% used [0x000000076b300000,0x000000076b300000,0x0000000799f00000)
  from space 289792K, 81% used [0x00000007ae500000,0x00000007bcd08000,0x00000007c0000000)
  to   space 311808K, 0% used [0x0000000799f00000,0x0000000799f00000,0x00000007acf80000)
 ParOldGen       total 2274816K, used 2099759K [0x00000006c1800000, 0x000000074c580000, 0x000000076b300000)
  object space 2274816K, 92% used [0x00000006c1800000,0x0000000741a8be30,0x000000074c580000)
 Metaspace       used 3934K, capacity 4794K, committed 4864K, reserved 1056768K
  class space    used 449K, capacity 510K, committed 512K, reserved 1048576K
}
Event: 118.979 GC heap before
{Heap before GC invocations=68 (full 8):
 PSYoungGen      total 1055744K, used 1003552K [0x000000076b300000, 0x00000007c0000000, 0x00000007c0000000)
  eden space 765952K, 100% used [0x000000076b300000,0x0000000799f00000,0x0000000799f00000)
  from space 289792K, 81% used [0x00000007ae500000,0x00000007bcd08000,0x00000007c0000000)
  to   space 311808K, 0% used [0x0000000799f00000,0x0000000799f00000,0x00000007acf80000)
 ParOldGen       total 2274816K, used 2099759K [0x00000006c1800000, 0x000000074c580000, 0x000000076b300000)
  object space 2274816K, 92% used [0x00000006c1800000,0x0000000741a8be30,0x000000074c580000)
 Metaspace       used 3934K, capacity 4794K, committed 4864K, reserved 1056768K
  class space    used 449K, capacity 510K, committed 512K, reserved 1048576K
Event: 119.970 GC heap after
Heap after GC invocations=68 (full 8):
 PSYoungGen      total 1049600K, used 283584K [0x000000076b300000, 0x00000007c0000000, 0x00000007c0000000)
  eden space 765952K, 0% used [0x000000076b300000,0x000000076b300000,0x0000000799f00000)
  from space 283648K, 99% used [0x0000000799f00000,0x00000007ab3f0000,0x00000007ab400000)
  to   space 339968K, 0% used [0x00000007ab400000,0x00000007ab400000,0x00000007c0000000)
 ParOldGen       total 2274816K, used 2099759K [0x00000006c1800000, 0x000000074c580000, 0x000000076b300000)
  object space 2274816K, 92% used [0x00000006c1800000,0x0000000741a8be30,0x000000074c580000)
 Metaspace       used 3934K, capacity 4794K, committed 4864K, reserved 1056768K
  class space    used 449K, capacity 510K, committed 512K, reserved 1048576K
}
Event: 120.532 GC heap before
{Heap before GC invocations=69 (full 8):
 PSYoungGen      total 1049600K, used 1049536K [0x000000076b300000, 0x00000007c0000000, 0x00000007c0000000)
  eden space 765952K, 100% used [0x000000076b300000,0x0000000799f00000,0x0000000799f00000)
  from space 283648K, 99% used [0x0000000799f00000,0x00000007ab3f0000,0x00000007ab400000)
  to   space 339968K, 0% used [0x00000007ab400000,0x00000007ab400000,0x00000007c0000000)
 ParOldGen       total 2274816K, used 2099759K [0x00000006c1800000, 0x000000074c580000, 0x000000076b300000)
  object space 2274816K, 92% used [0x00000006c1800000,0x0000000741a8be30,0x000000074c580000)
 Metaspace       used 3934K, capacity 4794K, committed 4864K, reserved 1056768K
  class space    used 449K, capacity 510K, committed 512K, reserved 1048576K
Event: 121.641 GC heap after
Heap after GC invocations=69 (full 8):
 PSYoungGen      total 951296K, used 329632K [0x000000076b300000, 0x00000007c0000000, 0x00000007c0000000)
  eden space 611328K, 0% used [0x000000076b300000,0x000000076b300000,0x0000000790800000)
  from space 339968K, 96% used [0x00000007ab400000,0x00000007bf5e8000,0x00000007c0000000)
  to   space 389120K, 0% used [0x0000000790800000,0x0000000790800000,0x00000007a8400000)
 ParOldGen       total 2274816K, used 2099759K [0x00000006c1800000, 0x000000074c580000, 0x000000076b300000)
  object space 2274816K, 92% used [0x00000006c1800000,0x0000000741a8be30,0x000000074c580000)
 Metaspace       used 3934K, capacity 4794K, committed 4864K, reserved 1056768K
  class space    used 449K, capacity 510K, committed 512K, reserved 1048576K
}
Event: 122.076 GC heap before
{Heap before GC invocations=70 (full 8):
 PSYoungGen      total 951296K, used 940960K [0x000000076b300000, 0x00000007c0000000, 0x00000007c0000000)
  eden space 611328K, 100% used [0x000000076b300000,0x0000000790800000,0x0000000790800000)
  from space 339968K, 96% used [0x00000007ab400000,0x00000007bf5e8000,0x00000007c0000000)
  to   space 389120K, 0% used [0x0000000790800000,0x0000000790800000,0x00000007a8400000)
 ParOldGen       total 2274816K, used 2099759K [0x00000006c1800000, 0x000000074c580000, 0x000000076b300000)
  object space 2274816K, 92% used [0x00000006c1800000,0x0000000741a8be30,0x000000074c580000)
 Metaspace       used 3934K, capacity 4794K, committed 4864K, reserved 1056768K
  class space    used 449K, capacity 510K, committed 512K, reserved 1048576K

